#
# There is insufficient memory for the Java Runtime Environment to continue.
# Native memory allocation (mmap) failed to map 65536 bytes for Failed to commit metaspace.
# Possible reasons:
#   The system is out of physical RAM or swap space
#   The process is running with CompressedOops enabled, and the Java Heap may be blocking the growth of the native heap
# Possible solutions:
#   Reduce memory load on the system
#   Increase physical memory or swap space
#   Check if swap backing store is full
#   Decrease Java heap size (-Xmx/-Xms)
#   Decrease number of Java threads
#   Decrease Java thread stack sizes (-Xss)
#   Set larger code cache with -XX:ReservedCodeCacheSize=
#   JVM is running with Unscaled Compressed Oops mode in which the Java heap is
#     placed in the first 4GB address space. The Java Heap base address is the
#     maximum limit for the native heap growth. Please use -XX:HeapBaseMinAddress
#     to set the Java Heap base and to place the Java Heap above 4GB virtual address.
# This output file may be truncated or incomplete.
#
#  Out of Memory Error (virtualSpaceNode.cpp:110), pid=11956, tid=10008
#
# JRE version: OpenJDK Runtime Environment (17.0+35) (build 17+35-2724)
# Java VM: OpenJDK 64-Bit Server VM (17+35-2724, mixed mode, emulated-client, sharing, tiered, compressed oops, compressed class ptrs, g1 gc, windows-amd64)
# No core dump will be written. Minidumps are not enabled by default on client versions of Windows
#

---------------  S U M M A R Y ------------

Command Line: -XX:TieredStopAtLevel=1 -Dspring.output.ansi.enabled=always -Dcom.sun.management.jmxremote -Dspring.jmx.enabled=true -Dspring.liveBeansView.mbeanDomain -Dspring.application.admin.enabled=true -Dmanagement.endpoints.jmx.exposure.include=* -javaagent:C:\Program Files\JetBrains\IntelliJ IDEA 2022.3.1\lib\idea_rt.jar=62756:C:\Program Files\JetBrains\IntelliJ IDEA 2022.3.1\bin -Dfile.encoding=UTF-8 com.example.spokbit.AppStudyApplication

Host: Intel(R) Core(TM) i5-7200U CPU @ 2.50GHz, 4 cores, 7G,  Windows 10 , 64 bit Build 19041 (10.0.19041.2546)
Time: Wed Mar  1 18:43:01 2023 Central America Standard Time elapsed time: 8.322755 seconds (0d 0h 0m 8s)

---------------  T H R E A D  ---------------

Current thread (0x0000022bc79a5570):  JavaThread "Thread-0" [_thread_in_vm, id=10008, stack(0x000000fd55d00000,0x000000fd55e00000)]

Stack: [0x000000fd55d00000,0x000000fd55e00000]
Native frames: (J=compiled Java code, j=interpreted, Vv=VM code, C=native code)
V  [jvm.dll+0x66f8ea]
V  [jvm.dll+0x7ce224]
V  [jvm.dll+0x7cf9ce]
V  [jvm.dll+0x7d0033]
V  [jvm.dll+0x242bb5]
V  [jvm.dll+0x7ca1cb]
V  [jvm.dll+0x615a46]
V  [jvm.dll+0x1be28e]
V  [jvm.dll+0x618381]
V  [jvm.dll+0x6163e6]
V  [jvm.dll+0x367892]
V  [jvm.dll+0x1dfb6b]
V  [jvm.dll+0x5375e9]
V  [jvm.dll+0x749598]
V  [jvm.dll+0x749684]
V  [jvm.dll+0x4088c5]
V  [jvm.dll+0x40e918]
C  [java.dll+0x17ec]

Java frames: (J=compiled Java code, j=interpreted, Vv=VM code)
J 1169  java.lang.ClassLoader.defineClass1(Ljava/lang/ClassLoader;Ljava/lang/String;[BIILjava/security/ProtectionDomain;Ljava/lang/String;)Ljava/lang/Class; java.base@17 (0 bytes) @ 0x0000022bbc2b35e3 [0x0000022bbc2b3520+0x00000000000000c3]
J 1197 c1 java.lang.ClassLoader.defineClass(Ljava/lang/String;[BIILjava/security/ProtectionDomain;)Ljava/lang/Class; java.base@17 (43 bytes) @ 0x0000022bbc2c13dc [0x0000022bbc2c12e0+0x00000000000000fc]
J 1188 c1 jdk.internal.loader.BuiltinClassLoader.defineClass(Ljava/lang/String;Ljdk/internal/loader/Resource;)Ljava/lang/Class; java.base@17 (121 bytes) @ 0x0000022bbc2be7dc [0x0000022bbc2be320+0x00000000000004bc]
J 1166 c1 jdk.internal.loader.BuiltinClassLoader.findClassOnClassPathOrNull(Ljava/lang/String;)Ljava/lang/Class; java.base@17 (64 bytes) @ 0x0000022bbc2b2b34 [0x0000022bbc2b2880+0x00000000000002b4]
J 946 c1 jdk.internal.loader.BuiltinClassLoader.loadClassOrNull(Ljava/lang/String;Z)Ljava/lang/Class; java.base@17 (143 bytes) @ 0x0000022bbc1c57dc [0x0000022bbc1c5380+0x000000000000045c]
J 1064 c1 jdk.internal.loader.ClassLoaders$AppClassLoader.loadClass(Ljava/lang/String;Z)Ljava/lang/Class; java.base@17 (40 bytes) @ 0x0000022bbc2859a4 [0x0000022bbc285860+0x0000000000000144]
J 1061 c1 java.lang.ClassLoader.loadClass(Ljava/lang/String;)Ljava/lang/Class; java.base@17 (7 bytes) @ 0x0000022bbc284de4 [0x0000022bbc284da0+0x0000000000000044]
v  ~StubRoutines::call_stub
j  ch.qos.logback.classic.layout.TTLLLayout.doLayout(Lch/qos/logback/classic/spi/ILoggingEvent;)Ljava/lang/String;+114
j  ch.qos.logback.classic.layout.TTLLLayout.doLayout(Ljava/lang/Object;)Ljava/lang/String;+5
j  ch.qos.logback.core.encoder.LayoutWrappingEncoder.encode(Ljava/lang/Object;)[B+5
j  ch.qos.logback.core.OutputStreamAppender.subAppend(Ljava/lang/Object;)V+29
j  ch.qos.logback.core.OutputStreamAppender.append(Ljava/lang/Object;)V+10
j  ch.qos.logback.core.UnsynchronizedAppenderBase.doAppend(Ljava/lang/Object;)V+123
j  ch.qos.logback.core.spi.AppenderAttachableImpl.appendLoopOnAppenders(Ljava/lang/Object;)I+32
j  ch.qos.logback.classic.Logger.appendLoopOnAppenders(Lch/qos/logback/classic/spi/ILoggingEvent;)I+12
j  ch.qos.logback.classic.Logger.callAppenders(Lch/qos/logback/classic/spi/ILoggingEvent;)V+11
j  ch.qos.logback.classic.Logger.buildLoggingEventAndAppend(Ljava/lang/String;Lorg/slf4j/Marker;Lch/qos/logback/classic/Level;Ljava/lang/String;[Ljava/lang/Object;Ljava/lang/Throwable;)V+27
j  ch.qos.logback.classic.Logger.filterAndLog_0_Or3Plus(Ljava/lang/String;Lorg/slf4j/Marker;Lch/qos/logback/classic/Level;Ljava/lang/String;[Ljava/lang/Object;Ljava/lang/Throwable;)V+57
j  ch.qos.logback.classic.Logger.log(Lorg/slf4j/Marker;Ljava/lang/String;ILjava/lang/String;[Ljava/lang/Object;Ljava/lang/Throwable;)V+17
j  org.apache.commons.logging.LogAdapter$Slf4jLocationAwareLog.debug(Ljava/lang/Object;)V+41
j  org.springframework.boot.devtools.restart.classloader.RestartClassLoader.<init>(Ljava/lang/ClassLoader;[Ljava/net/URL;Lorg/springframework/boot/devtools/restart/classloader/ClassLoaderFileRepository;Lorg/apache/commons/logging/Log;)V+64
j  org.springframework.boot.devtools.restart.classloader.RestartClassLoader.<init>(Ljava/lang/ClassLoader;[Ljava/net/URL;Lorg/springframework/boot/devtools/restart/classloader/ClassLoaderFileRepository;)V+9
j  org.springframework.boot.devtools.restart.Restarter.doStart()Ljava/lang/Throwable;+48
j  org.springframework.boot.devtools.restart.Restarter.start(Lorg/springframework/boot/devtools/restart/FailureHandler;)V+1
j  org.springframework.boot.devtools.restart.Restarter.lambda$immediateRestart$0()Ljava/lang/Object;+4
j  org.springframework.boot.devtools.restart.Restarter$$Lambda$139+0x0000000800cfe1a0.call()Ljava/lang/Object;+4
j  org.springframework.boot.devtools.restart.Restarter$LeakSafeThread.run()V+28
v  ~StubRoutines::call_stub

---------------  P R O C E S S  ---------------

Threads class SMR info:
_java_thread_list=0x0000022bc79f1b20, length=16, elements={
0x0000022bb2edcf50, 0x0000022bc6422350, 0x0000022bc64251d0, 0x0000022bc6432ac0,
0x0000022bc64365f0, 0x0000022bc6436fa0, 0x0000022bc6442d80, 0x0000022bc6446c30,
0x0000022bc6447620, 0x0000022bc7048280, 0x0000022bc640f260, 0x0000022bc73f8000,
0x0000022bc73f84d0, 0x0000022bc753d560, 0x0000022bc7665a20, 0x0000022bc79a5570
}

Java Threads: ( => current thread )
  0x0000022bb2edcf50 JavaThread "main" [_thread_blocked, id=14004, stack(0x000000fd54200000,0x000000fd54300000)]
  0x0000022bc6422350 JavaThread "Reference Handler" daemon [_thread_blocked, id=9148, stack(0x000000fd54900000,0x000000fd54a00000)]
  0x0000022bc64251d0 JavaThread "Finalizer" daemon [_thread_blocked, id=8612, stack(0x000000fd54a00000,0x000000fd54b00000)]
  0x0000022bc6432ac0 JavaThread "Signal Dispatcher" daemon [_thread_blocked, id=11784, stack(0x000000fd54b00000,0x000000fd54c00000)]
  0x0000022bc64365f0 JavaThread "Attach Listener" daemon [_thread_blocked, id=6132, stack(0x000000fd54c00000,0x000000fd54d00000)]
  0x0000022bc6436fa0 JavaThread "Service Thread" daemon [_thread_blocked, id=12056, stack(0x000000fd54d00000,0x000000fd54e00000)]
  0x0000022bc6442d80 JavaThread "Monitor Deflation Thread" daemon [_thread_blocked, id=12404, stack(0x000000fd54e00000,0x000000fd54f00000)]
  0x0000022bc6446c30 JavaThread "C1 CompilerThread0" daemon [_thread_blocked, id=3032, stack(0x000000fd54f00000,0x000000fd55000000)]
  0x0000022bc6447620 JavaThread "Sweeper thread" daemon [_thread_blocked, id=10076, stack(0x000000fd55000000,0x000000fd55100000)]
  0x0000022bc7048280 JavaThread "Common-Cleaner" daemon [_thread_blocked, id=10768, stack(0x000000fd55100000,0x000000fd55200000)]
  0x0000022bc640f260 JavaThread "C1 CompilerThread1" daemon [_thread_blocked, id=15080, stack(0x000000fd55200000,0x000000fd55300000)]
  0x0000022bc73f8000 JavaThread "Monitor Ctrl-Break" daemon [_thread_in_native, id=13884, stack(0x000000fd55300000,0x000000fd55400000)]
  0x0000022bc73f84d0 JavaThread "Notification Thread" daemon [_thread_blocked, id=10228, stack(0x000000fd55400000,0x000000fd55500000)]
  0x0000022bc753d560 JavaThread "RMI TCP Accept-0" daemon [_thread_in_native, id=11260, stack(0x000000fd55500000,0x000000fd55600000)]
  0x0000022bc7665a20 JavaThread "C1 CompilerThread2" daemon [_thread_blocked, id=816, stack(0x000000fd55c00000,0x000000fd55d00000)]
=>0x0000022bc79a5570 JavaThread "Thread-0" [_thread_in_vm, id=10008, stack(0x000000fd55d00000,0x000000fd55e00000)]

Other Threads:
  0x0000022bc641c340 VMThread "VM Thread" [stack: 0x000000fd54800000,0x000000fd54900000] [id=15340]
  0x0000022bb2eddd10 WatcherThread [stack: 0x000000fd55600000,0x000000fd55700000] [id=11952]
  0x0000022bb2f1ba70 GCTaskThread "GC Thread#0" [stack: 0x000000fd54300000,0x000000fd54400000] [id=14176]
  0x0000022bc753ada0 GCTaskThread "GC Thread#1" [stack: 0x000000fd55700000,0x000000fd55800000] [id=8832]
  0x0000022bc760a860 GCTaskThread "GC Thread#2" [stack: 0x000000fd55800000,0x000000fd55900000] [id=15288]
  0x0000022bc763b0f0 GCTaskThread "GC Thread#3" [stack: 0x000000fd55900000,0x000000fd55a00000] [id=10204]
  0x0000022bb2f2c5f0 ConcurrentGCThread "G1 Main Marker" [stack: 0x000000fd54400000,0x000000fd54500000] [id=13944]
  0x0000022bb2f2d7a0 ConcurrentGCThread "G1 Conc#0" [stack: 0x000000fd54500000,0x000000fd54600000] [id=9380]
  0x0000022bb2fa70a0 ConcurrentGCThread "G1 Refine#0" [stack: 0x000000fd54600000,0x000000fd54700000] [id=12500]
  0x0000022bc71bf790 ConcurrentGCThread "G1 Refine#1" [stack: 0x000000fd55a00000,0x000000fd55b00000] [id=6756]
  0x0000022bc71bfef0 ConcurrentGCThread "G1 Refine#2" [stack: 0x000000fd55b00000,0x000000fd55c00000] [id=12460]
  0x0000022bb2fa7ac0 ConcurrentGCThread "G1 Service" [stack: 0x000000fd54700000,0x000000fd54800000] [id=3952]

Threads with active compile tasks:

VM state: not at safepoint (normal execution)

VM Mutex/Monitor currently owned by a thread:  ([mutex/lock_event])
[0x0000022bb2ed5fe0] Metaspace_lock - owner thread: 0x0000022bc79a5570

Heap address: 0x0000000081e00000, size: 2018 MB, Compressed Oops mode: 32-bit

CDS archive(s) mapped at: [0x0000000800000000-0x0000000800bc0000-0x0000000800bc0000), size 12320768, SharedBaseAddress: 0x0000000800000000, ArchiveRelocationMode: 0.
Compressed class space mapped at: 0x0000000800c00000-0x0000000840c00000, reserved size: 1073741824
Narrow klass base: 0x0000000800000000, Narrow klass shift: 0, Narrow klass range: 0x100000000

GC Precious Log:
 CPUs: 4 total, 4 available
 Memory: 8066M
 Large Page Support: Disabled
 NUMA Support: Disabled
 Compressed Oops: Enabled (32-bit)
 Heap Region Size: 1M
 Heap Min Capacity: 8M
 Heap Initial Capacity: 128M
 Heap Max Capacity: 2018M
 Pre-touch: Disabled
 Parallel Workers: 4
 Concurrent Workers: 1
 Concurrent Refinement Workers: 4
 Periodic GC: Disabled

Heap:
 garbage-first heap   total 131072K, used 28730K [0x0000000081e00000, 0x0000000100000000)
  region size 1024K, 24 young (24576K), 2 survivors (2048K)
 Metaspace       used 7025K, committed 7104K, reserved 1056768K
  class space    used 867K, committed 896K, reserved 1048576K

Heap Regions: E=young(eden), S=young(survivor), O=old, HS=humongous(starts), HC=humongous(continues), CS=collection set, F=free, OA=open archive, CA=closed archive, TAMS=top-at-mark-start (previous, next)
|   0|0x0000000081e00000, 0x0000000081f00000, 0x0000000081f00000|100%|HS|  |TAMS 0x0000000081e00000, 0x0000000081e00000| Complete 
|   1|0x0000000081f00000, 0x0000000082000000, 0x0000000082000000|100%| O|  |TAMS 0x0000000081f00000, 0x0000000081f00000| Untracked 
|   2|0x0000000082000000, 0x0000000082100000, 0x0000000082100000|100%| O|  |TAMS 0x0000000082000000, 0x0000000082000000| Untracked 
|   3|0x0000000082100000, 0x0000000082200000, 0x0000000082200000|100%| O|  |TAMS 0x0000000082100000, 0x0000000082100000| Untracked 
|   4|0x0000000082200000, 0x0000000082300000, 0x0000000082300000|100%| O|  |TAMS 0x0000000082200000, 0x0000000082200000| Untracked 
|   5|0x0000000082300000, 0x0000000082400000, 0x0000000082400000|100%| O|  |TAMS 0x0000000082300000, 0x0000000082300000| Untracked 
|   6|0x0000000082400000, 0x00000000824a4200, 0x0000000082500000| 64%| O|  |TAMS 0x0000000082400000, 0x0000000082400000| Untracked 
|   7|0x0000000082500000, 0x0000000082500000, 0x0000000082600000|  0%| F|  |TAMS 0x0000000082500000, 0x0000000082500000| Untracked 
|   8|0x0000000082600000, 0x0000000082600000, 0x0000000082700000|  0%| F|  |TAMS 0x0000000082600000, 0x0000000082600000| Untracked 
|   9|0x0000000082700000, 0x0000000082700000, 0x0000000082800000|  0%| F|  |TAMS 0x0000000082700000, 0x0000000082700000| Untracked 
|  10|0x0000000082800000, 0x0000000082800000, 0x0000000082900000|  0%| F|  |TAMS 0x0000000082800000, 0x0000000082800000| Untracked 
|  11|0x0000000082900000, 0x0000000082900000, 0x0000000082a00000|  0%| F|  |TAMS 0x0000000082900000, 0x0000000082900000| Untracked 
|  12|0x0000000082a00000, 0x0000000082a00000, 0x0000000082b00000|  0%| F|  |TAMS 0x0000000082a00000, 0x0000000082a00000| Untracked 
|  13|0x0000000082b00000, 0x0000000082b00000, 0x0000000082c00000|  0%| F|  |TAMS 0x0000000082b00000, 0x0000000082b00000| Untracked 
|  14|0x0000000082c00000, 0x0000000082c00000, 0x0000000082d00000|  0%| F|  |TAMS 0x0000000082c00000, 0x0000000082c00000| Untracked 
|  15|0x0000000082d00000, 0x0000000082d00000, 0x0000000082e00000|  0%| F|  |TAMS 0x0000000082d00000, 0x0000000082d00000| Untracked 
|  16|0x0000000082e00000, 0x0000000082e00000, 0x0000000082f00000|  0%| F|  |TAMS 0x0000000082e00000, 0x0000000082e00000| Untracked 
|  17|0x0000000082f00000, 0x0000000082f00000, 0x0000000083000000|  0%| F|  |TAMS 0x0000000082f00000, 0x0000000082f00000| Untracked 
|  18|0x0000000083000000, 0x0000000083000000, 0x0000000083100000|  0%| F|  |TAMS 0x0000000083000000, 0x0000000083000000| Untracked 
|  19|0x0000000083100000, 0x0000000083100000, 0x0000000083200000|  0%| F|  |TAMS 0x0000000083100000, 0x0000000083100000| Untracked 
|  20|0x0000000083200000, 0x0000000083200000, 0x0000000083300000|  0%| F|  |TAMS 0x0000000083200000, 0x0000000083200000| Untracked 
|  21|0x0000000083300000, 0x0000000083300000, 0x0000000083400000|  0%| F|  |TAMS 0x0000000083300000, 0x0000000083300000| Untracked 
|  22|0x0000000083400000, 0x0000000083400000, 0x0000000083500000|  0%| F|  |TAMS 0x0000000083400000, 0x0000000083400000| Untracked 
|  23|0x0000000083500000, 0x0000000083500000, 0x0000000083600000|  0%| F|  |TAMS 0x0000000083500000, 0x0000000083500000| Untracked 
|  24|0x0000000083600000, 0x0000000083600000, 0x0000000083700000|  0%| F|  |TAMS 0x0000000083600000, 0x0000000083600000| Untracked 
|  25|0x0000000083700000, 0x0000000083700000, 0x0000000083800000|  0%| F|  |TAMS 0x0000000083700000, 0x0000000083700000| Untracked 
|  26|0x0000000083800000, 0x0000000083800000, 0x0000000083900000|  0%| F|  |TAMS 0x0000000083800000, 0x0000000083800000| Untracked 
|  27|0x0000000083900000, 0x0000000083900000, 0x0000000083a00000|  0%| F|  |TAMS 0x0000000083900000, 0x0000000083900000| Untracked 
|  28|0x0000000083a00000, 0x0000000083a00000, 0x0000000083b00000|  0%| F|  |TAMS 0x0000000083a00000, 0x0000000083a00000| Untracked 
|  29|0x0000000083b00000, 0x0000000083b00000, 0x0000000083c00000|  0%| F|  |TAMS 0x0000000083b00000, 0x0000000083b00000| Untracked 
|  30|0x0000000083c00000, 0x0000000083c00000, 0x0000000083d00000|  0%| F|  |TAMS 0x0000000083c00000, 0x0000000083c00000| Untracked 
|  31|0x0000000083d00000, 0x0000000083d00000, 0x0000000083e00000|  0%| F|  |TAMS 0x0000000083d00000, 0x0000000083d00000| Untracked 
|  32|0x0000000083e00000, 0x0000000083e00000, 0x0000000083f00000|  0%| F|  |TAMS 0x0000000083e00000, 0x0000000083e00000| Untracked 
|  33|0x0000000083f00000, 0x0000000083f00000, 0x0000000084000000|  0%| F|  |TAMS 0x0000000083f00000, 0x0000000083f00000| Untracked 
|  34|0x0000000084000000, 0x0000000084000000, 0x0000000084100000|  0%| F|  |TAMS 0x0000000084000000, 0x0000000084000000| Untracked 
|  35|0x0000000084100000, 0x0000000084100000, 0x0000000084200000|  0%| F|  |TAMS 0x0000000084100000, 0x0000000084100000| Untracked 
|  36|0x0000000084200000, 0x0000000084200000, 0x0000000084300000|  0%| F|  |TAMS 0x0000000084200000, 0x0000000084200000| Untracked 
|  37|0x0000000084300000, 0x0000000084300000, 0x0000000084400000|  0%| F|  |TAMS 0x0000000084300000, 0x0000000084300000| Untracked 
|  38|0x0000000084400000, 0x0000000084400000, 0x0000000084500000|  0%| F|  |TAMS 0x0000000084400000, 0x0000000084400000| Untracked 
|  39|0x0000000084500000, 0x0000000084500000, 0x0000000084600000|  0%| F|  |TAMS 0x0000000084500000, 0x0000000084500000| Untracked 
|  40|0x0000000084600000, 0x0000000084600000, 0x0000000084700000|  0%| F|  |TAMS 0x0000000084600000, 0x0000000084600000| Untracked 
|  41|0x0000000084700000, 0x0000000084700000, 0x0000000084800000|  0%| F|  |TAMS 0x0000000084700000, 0x0000000084700000| Untracked 
|  42|0x0000000084800000, 0x0000000084800000, 0x0000000084900000|  0%| F|  |TAMS 0x0000000084800000, 0x0000000084800000| Untracked 
|  43|0x0000000084900000, 0x0000000084900000, 0x0000000084a00000|  0%| F|  |TAMS 0x0000000084900000, 0x0000000084900000| Untracked 
|  44|0x0000000084a00000, 0x0000000084a00000, 0x0000000084b00000|  0%| F|  |TAMS 0x0000000084a00000, 0x0000000084a00000| Untracked 
|  45|0x0000000084b00000, 0x0000000084b00000, 0x0000000084c00000|  0%| F|  |TAMS 0x0000000084b00000, 0x0000000084b00000| Untracked 
|  46|0x0000000084c00000, 0x0000000084c00000, 0x0000000084d00000|  0%| F|  |TAMS 0x0000000084c00000, 0x0000000084c00000| Untracked 
|  47|0x0000000084d00000, 0x0000000084d00000, 0x0000000084e00000|  0%| F|  |TAMS 0x0000000084d00000, 0x0000000084d00000| Untracked 
|  48|0x0000000084e00000, 0x0000000084e00000, 0x0000000084f00000|  0%| F|  |TAMS 0x0000000084e00000, 0x0000000084e00000| Untracked 
|  49|0x0000000084f00000, 0x0000000084f00000, 0x0000000085000000|  0%| F|  |TAMS 0x0000000084f00000, 0x0000000084f00000| Untracked 
|  50|0x0000000085000000, 0x0000000085000000, 0x0000000085100000|  0%| F|  |TAMS 0x0000000085000000, 0x0000000085000000| Untracked 
|  51|0x0000000085100000, 0x0000000085100000, 0x0000000085200000|  0%| F|  |TAMS 0x0000000085100000, 0x0000000085100000| Untracked 
|  52|0x0000000085200000, 0x0000000085200000, 0x0000000085300000|  0%| F|  |TAMS 0x0000000085200000, 0x0000000085200000| Untracked 
|  53|0x0000000085300000, 0x0000000085300000, 0x0000000085400000|  0%| F|  |TAMS 0x0000000085300000, 0x0000000085300000| Untracked 
|  54|0x0000000085400000, 0x0000000085400000, 0x0000000085500000|  0%| F|  |TAMS 0x0000000085400000, 0x0000000085400000| Untracked 
|  55|0x0000000085500000, 0x0000000085500000, 0x0000000085600000|  0%| F|  |TAMS 0x0000000085500000, 0x0000000085500000| Untracked 
|  56|0x0000000085600000, 0x0000000085600000, 0x0000000085700000|  0%| F|  |TAMS 0x0000000085600000, 0x0000000085600000| Untracked 
|  57|0x0000000085700000, 0x0000000085700000, 0x0000000085800000|  0%| F|  |TAMS 0x0000000085700000, 0x0000000085700000| Untracked 
|  58|0x0000000085800000, 0x0000000085800000, 0x0000000085900000|  0%| F|  |TAMS 0x0000000085800000, 0x0000000085800000| Untracked 
|  59|0x0000000085900000, 0x0000000085900000, 0x0000000085a00000|  0%| F|  |TAMS 0x0000000085900000, 0x0000000085900000| Untracked 
|  60|0x0000000085a00000, 0x0000000085a00000, 0x0000000085b00000|  0%| F|  |TAMS 0x0000000085a00000, 0x0000000085a00000| Untracked 
|  61|0x0000000085b00000, 0x0000000085b00000, 0x0000000085c00000|  0%| F|  |TAMS 0x0000000085b00000, 0x0000000085b00000| Untracked 
|  62|0x0000000085c00000, 0x0000000085c00000, 0x0000000085d00000|  0%| F|  |TAMS 0x0000000085c00000, 0x0000000085c00000| Untracked 
|  63|0x0000000085d00000, 0x0000000085d00000, 0x0000000085e00000|  0%| F|  |TAMS 0x0000000085d00000, 0x0000000085d00000| Untracked 
|  64|0x0000000085e00000, 0x0000000085e00000, 0x0000000085f00000|  0%| F|  |TAMS 0x0000000085e00000, 0x0000000085e00000| Untracked 
|  65|0x0000000085f00000, 0x0000000085f00000, 0x0000000086000000|  0%| F|  |TAMS 0x0000000085f00000, 0x0000000085f00000| Untracked 
|  66|0x0000000086000000, 0x0000000086000000, 0x0000000086100000|  0%| F|  |TAMS 0x0000000086000000, 0x0000000086000000| Untracked 
|  67|0x0000000086100000, 0x0000000086100000, 0x0000000086200000|  0%| F|  |TAMS 0x0000000086100000, 0x0000000086100000| Untracked 
|  68|0x0000000086200000, 0x0000000086200000, 0x0000000086300000|  0%| F|  |TAMS 0x0000000086200000, 0x0000000086200000| Untracked 
|  69|0x0000000086300000, 0x0000000086300000, 0x0000000086400000|  0%| F|  |TAMS 0x0000000086300000, 0x0000000086300000| Untracked 
|  70|0x0000000086400000, 0x0000000086400000, 0x0000000086500000|  0%| F|  |TAMS 0x0000000086400000, 0x0000000086400000| Untracked 
|  71|0x0000000086500000, 0x0000000086500000, 0x0000000086600000|  0%| F|  |TAMS 0x0000000086500000, 0x0000000086500000| Untracked 
|  72|0x0000000086600000, 0x0000000086600000, 0x0000000086700000|  0%| F|  |TAMS 0x0000000086600000, 0x0000000086600000| Untracked 
|  73|0x0000000086700000, 0x0000000086700000, 0x0000000086800000|  0%| F|  |TAMS 0x0000000086700000, 0x0000000086700000| Untracked 
|  74|0x0000000086800000, 0x0000000086800000, 0x0000000086900000|  0%| F|  |TAMS 0x0000000086800000, 0x0000000086800000| Untracked 
|  75|0x0000000086900000, 0x0000000086900000, 0x0000000086a00000|  0%| F|  |TAMS 0x0000000086900000, 0x0000000086900000| Untracked 
|  76|0x0000000086a00000, 0x0000000086a00000, 0x0000000086b00000|  0%| F|  |TAMS 0x0000000086a00000, 0x0000000086a00000| Untracked 
|  77|0x0000000086b00000, 0x0000000086b00000, 0x0000000086c00000|  0%| F|  |TAMS 0x0000000086b00000, 0x0000000086b00000| Untracked 
|  78|0x0000000086c00000, 0x0000000086c00000, 0x0000000086d00000|  0%| F|  |TAMS 0x0000000086c00000, 0x0000000086c00000| Untracked 
|  79|0x0000000086d00000, 0x0000000086d00000, 0x0000000086e00000|  0%| F|  |TAMS 0x0000000086d00000, 0x0000000086d00000| Untracked 
|  80|0x0000000086e00000, 0x0000000086e00000, 0x0000000086f00000|  0%| F|  |TAMS 0x0000000086e00000, 0x0000000086e00000| Untracked 
|  81|0x0000000086f00000, 0x0000000086f00000, 0x0000000087000000|  0%| F|  |TAMS 0x0000000086f00000, 0x0000000086f00000| Untracked 
|  82|0x0000000087000000, 0x0000000087000000, 0x0000000087100000|  0%| F|  |TAMS 0x0000000087000000, 0x0000000087000000| Untracked 
|  83|0x0000000087100000, 0x0000000087100000, 0x0000000087200000|  0%| F|  |TAMS 0x0000000087100000, 0x0000000087100000| Untracked 
|  84|0x0000000087200000, 0x0000000087200000, 0x0000000087300000|  0%| F|  |TAMS 0x0000000087200000, 0x0000000087200000| Untracked 
|  85|0x0000000087300000, 0x0000000087300000, 0x0000000087400000|  0%| F|  |TAMS 0x0000000087300000, 0x0000000087300000| Untracked 
|  86|0x0000000087400000, 0x0000000087400000, 0x0000000087500000|  0%| F|  |TAMS 0x0000000087400000, 0x0000000087400000| Untracked 
|  87|0x0000000087500000, 0x0000000087500000, 0x0000000087600000|  0%| F|  |TAMS 0x0000000087500000, 0x0000000087500000| Untracked 
|  88|0x0000000087600000, 0x0000000087600000, 0x0000000087700000|  0%| F|  |TAMS 0x0000000087600000, 0x0000000087600000| Untracked 
|  89|0x0000000087700000, 0x0000000087700000, 0x0000000087800000|  0%| F|  |TAMS 0x0000000087700000, 0x0000000087700000| Untracked 
|  90|0x0000000087800000, 0x0000000087800000, 0x0000000087900000|  0%| F|  |TAMS 0x0000000087800000, 0x0000000087800000| Untracked 
|  91|0x0000000087900000, 0x0000000087900000, 0x0000000087a00000|  0%| F|  |TAMS 0x0000000087900000, 0x0000000087900000| Untracked 
|  92|0x0000000087a00000, 0x0000000087a00000, 0x0000000087b00000|  0%| F|  |TAMS 0x0000000087a00000, 0x0000000087a00000| Untracked 
|  93|0x0000000087b00000, 0x0000000087b00000, 0x0000000087c00000|  0%| F|  |TAMS 0x0000000087b00000, 0x0000000087b00000| Untracked 
|  94|0x0000000087c00000, 0x0000000087c00000, 0x0000000087d00000|  0%| F|  |TAMS 0x0000000087c00000, 0x0000000087c00000| Untracked 
|  95|0x0000000087d00000, 0x0000000087d00000, 0x0000000087e00000|  0%| F|  |TAMS 0x0000000087d00000, 0x0000000087d00000| Untracked 
|  96|0x0000000087e00000, 0x0000000087e00000, 0x0000000087f00000|  0%| F|  |TAMS 0x0000000087e00000, 0x0000000087e00000| Untracked 
|  97|0x0000000087f00000, 0x0000000087f00000, 0x0000000088000000|  0%| F|  |TAMS 0x0000000087f00000, 0x0000000087f00000| Untracked 
|  98|0x0000000088000000, 0x0000000088000000, 0x0000000088100000|  0%| F|  |TAMS 0x0000000088000000, 0x0000000088000000| Untracked 
|  99|0x0000000088100000, 0x0000000088100000, 0x0000000088200000|  0%| F|  |TAMS 0x0000000088100000, 0x0000000088100000| Untracked 
| 100|0x0000000088200000, 0x0000000088200000, 0x0000000088300000|  0%| F|  |TAMS 0x0000000088200000, 0x0000000088200000| Untracked 
| 101|0x0000000088300000, 0x000000008836a8b0, 0x0000000088400000| 41%| S|CS|TAMS 0x0000000088300000, 0x0000000088300000| Complete 
| 102|0x0000000088400000, 0x0000000088500000, 0x0000000088500000|100%| S|CS|TAMS 0x0000000088400000, 0x0000000088400000| Complete 
| 103|0x0000000088500000, 0x0000000088500000, 0x0000000088600000|  0%| F|  |TAMS 0x0000000088500000, 0x0000000088500000| Untracked 
| 104|0x0000000088600000, 0x0000000088600000, 0x0000000088700000|  0%| F|  |TAMS 0x0000000088600000, 0x0000000088600000| Untracked 
| 105|0x0000000088700000, 0x0000000088700000, 0x0000000088800000|  0%| F|  |TAMS 0x0000000088700000, 0x0000000088700000| Untracked 
| 106|0x0000000088800000, 0x0000000088900000, 0x0000000088900000|100%| E|  |TAMS 0x0000000088800000, 0x0000000088800000| Complete 
| 107|0x0000000088900000, 0x0000000088a00000, 0x0000000088a00000|100%| E|CS|TAMS 0x0000000088900000, 0x0000000088900000| Complete 
| 108|0x0000000088a00000, 0x0000000088b00000, 0x0000000088b00000|100%| E|CS|TAMS 0x0000000088a00000, 0x0000000088a00000| Complete 
| 109|0x0000000088b00000, 0x0000000088c00000, 0x0000000088c00000|100%| E|CS|TAMS 0x0000000088b00000, 0x0000000088b00000| Complete 
| 110|0x0000000088c00000, 0x0000000088d00000, 0x0000000088d00000|100%| E|CS|TAMS 0x0000000088c00000, 0x0000000088c00000| Complete 
| 111|0x0000000088d00000, 0x0000000088e00000, 0x0000000088e00000|100%| E|CS|TAMS 0x0000000088d00000, 0x0000000088d00000| Complete 
| 112|0x0000000088e00000, 0x0000000088f00000, 0x0000000088f00000|100%| E|CS|TAMS 0x0000000088e00000, 0x0000000088e00000| Complete 
| 113|0x0000000088f00000, 0x0000000089000000, 0x0000000089000000|100%| E|CS|TAMS 0x0000000088f00000, 0x0000000088f00000| Complete 
| 114|0x0000000089000000, 0x0000000089100000, 0x0000000089100000|100%| E|CS|TAMS 0x0000000089000000, 0x0000000089000000| Complete 
| 115|0x0000000089100000, 0x0000000089200000, 0x0000000089200000|100%| E|CS|TAMS 0x0000000089100000, 0x0000000089100000| Complete 
| 116|0x0000000089200000, 0x0000000089300000, 0x0000000089300000|100%| E|CS|TAMS 0x0000000089200000, 0x0000000089200000| Complete 
| 117|0x0000000089300000, 0x0000000089400000, 0x0000000089400000|100%| E|  |TAMS 0x0000000089300000, 0x0000000089300000| Complete 
| 118|0x0000000089400000, 0x0000000089500000, 0x0000000089500000|100%| E|CS|TAMS 0x0000000089400000, 0x0000000089400000| Complete 
| 119|0x0000000089500000, 0x0000000089600000, 0x0000000089600000|100%| E|CS|TAMS 0x0000000089500000, 0x0000000089500000| Complete 
| 120|0x0000000089600000, 0x0000000089700000, 0x0000000089700000|100%| E|CS|TAMS 0x0000000089600000, 0x0000000089600000| Complete 
| 121|0x0000000089700000, 0x0000000089800000, 0x0000000089800000|100%| E|CS|TAMS 0x0000000089700000, 0x0000000089700000| Complete 
| 122|0x0000000089800000, 0x0000000089900000, 0x0000000089900000|100%| E|CS|TAMS 0x0000000089800000, 0x0000000089800000| Complete 
| 123|0x0000000089900000, 0x0000000089a00000, 0x0000000089a00000|100%| E|CS|TAMS 0x0000000089900000, 0x0000000089900000| Complete 
| 124|0x0000000089a00000, 0x0000000089b00000, 0x0000000089b00000|100%| E|CS|TAMS 0x0000000089a00000, 0x0000000089a00000| Complete 
| 125|0x0000000089b00000, 0x0000000089c00000, 0x0000000089c00000|100%| E|CS|TAMS 0x0000000089b00000, 0x0000000089b00000| Complete 
| 126|0x0000000089c00000, 0x0000000089d00000, 0x0000000089d00000|100%| E|CS|TAMS 0x0000000089c00000, 0x0000000089c00000| Complete 
| 127|0x0000000089d00000, 0x0000000089e00000, 0x0000000089e00000|100%| E|CS|TAMS 0x0000000089d00000, 0x0000000089d00000| Complete 

Card table byte_map: [0x0000022bbf780000,0x0000022bbfb80000] _byte_map_base: 0x0000022bbf371000

Marking Bits (Prev, Next): (CMBitMap*) 0x0000022bb2f1c080, (CMBitMap*) 0x0000022bb2f1c0c0
 Prev Bits: [0x0000022bbff80000, 0x0000022bc1f08000)
 Next Bits: [0x0000022bc1f10000, 0x0000022bc3e98000)

Polling page: 0x0000022bb2da0000

Metaspace:

Usage:
  Non-class:      6.01 MB used.
      Class:    867.72 KB used.
       Both:      6.86 MB used.

Virtual space:
  Non-class space:        8.00 MB reserved,       6.06 MB ( 76%) committed,  1 nodes.
      Class space:        1.00 GB reserved,     896.00 KB ( <1%) committed,  1 nodes.
             Both:        1.01 GB reserved,       6.94 MB ( <1%) committed. 

Chunk freelists:
   Non-Class:  1.19 MB
       Class:  2.98 MB
        Both:  4.17 MB

MaxMetaspaceSize: unlimited
CompressedClassSpaceSize: 1.00 GB
Initial GC threshold: 21.00 MB
Current GC threshold: 21.00 MB
CDS: on
MetaspaceReclaimPolicy: balanced
 - commit_granule_bytes: 65536.
 - commit_granule_words: 8192.
 - virtual_space_node_default_size: 1048576.
 - enlarge_chunks_in_place: 1.
 - new_chunks_are_fully_committed: 0.
 - uncommit_free_chunks: 1.
 - use_allocation_guard: 0.
 - handle_deallocations: 1.


Internal statistics:

num_allocs_failed_limit: 0.
num_arena_births: 100.
num_arena_deaths: 0.
num_vsnodes_births: 2.
num_vsnodes_deaths: 0.
num_space_committed: 111.
num_space_uncommitted: 0.
num_chunks_returned_to_freelist: 0.
num_chunks_taken_from_freelist: 210.
num_chunk_merges: 0.
num_chunk_splits: 134.
num_chunks_enlarged: 93.
num_purges: 0.
num_inconsistent_stats: 0.

CodeCache: size=49152Kb used=4166Kb max_used=4166Kb free=44985Kb
 bounds [0x0000022bbbee0000, 0x0000022bbc300000, 0x0000022bbeee0000]
 total_blobs=1775 nmethods=1326 adapters=375
 compilation: enabled
              stopped_count=0, restarted_count=0
 full_count=0

Compilation events (20 events):
Event: 8.111 Thread 0x0000022bc640f260 1317       1       java.util.HashMap::<init> (8 bytes)
Event: 8.111 Thread 0x0000022bc640f260 nmethod 1317 0x0000022bbc2ef410 code [0x0000022bbc2ef5c0, 0x0000022bbc2ef6a8]
Event: 8.114 Thread 0x0000022bc6446c30 1318       1       java.lang.Character::digit (6 bytes)
Event: 8.114 Thread 0x0000022bc640f260 1320       1       java.lang.CharacterDataLatin1::digit (32 bytes)
Event: 8.114 Thread 0x0000022bc7665a20 1319       1       java.lang.Character::digit (10 bytes)
Event: 8.114 Thread 0x0000022bc6446c30 nmethod 1318 0x0000022bbc2ef710 code [0x0000022bbc2ef8c0, 0x0000022bbc2ef9b8]
Event: 8.114 Thread 0x0000022bc7665a20 nmethod 1319 0x0000022bbc2efa90 code [0x0000022bbc2efc40, 0x0000022bbc2efd38]
Event: 8.114 Thread 0x0000022bc640f260 nmethod 1320 0x0000022bbc2efe10 code [0x0000022bbc2effa0, 0x0000022bbc2f00f8]
Event: 8.115 Thread 0x0000022bc7665a20 1321       1       java.util.regex.Pattern::has (15 bytes)
Event: 8.115 Thread 0x0000022bc640f260 1322       1       java.lang.Character::charCount (12 bytes)
Event: 8.116 Thread 0x0000022bc6446c30 1323       1       java.lang.String::checkIndex (48 bytes)
Event: 8.116 Thread 0x0000022bc7665a20 nmethod 1321 0x0000022bbc2f0190 code [0x0000022bbc2f0320, 0x0000022bbc2f03f8]
Event: 8.116 Thread 0x0000022bc640f260 nmethod 1322 0x0000022bbc2f0490 code [0x0000022bbc2f0620, 0x0000022bbc2f06d8]
Event: 8.116 Thread 0x0000022bc7665a20 1324       1       java.util.regex.Pattern::isSupplementary (21 bytes)
Event: 8.116 Thread 0x0000022bc640f260 1325       1       java.lang.Character::isSurrogate (18 bytes)
Event: 8.116 Thread 0x0000022bc640f260 nmethod 1325 0x0000022bbc2f0790 code [0x0000022bbc2f0920, 0x0000022bbc2f09f8]
Event: 8.116 Thread 0x0000022bc640f260 1326       1       java.lang.String::codePointAt (50 bytes)
Event: 8.116 Thread 0x0000022bc7665a20 nmethod 1324 0x0000022bbc2f0a90 code [0x0000022bbc2f0c20, 0x0000022bbc2f0d18]
Event: 8.116 Thread 0x0000022bc640f260 nmethod 1326 0x0000022bbc2f0d90 code [0x0000022bbc2f0f40, 0x0000022bbc2f1128]
Event: 8.116 Thread 0x0000022bc6446c30 nmethod 1323 0x0000022bbc2f1290 code [0x0000022bbc2f14a0, 0x0000022bbc2f1878]

GC Heap History (6 events):
Event: 7.017 GC heap before
{Heap before GC invocations=0 (full 0):
 garbage-first heap   total 131072K, used 13312K [0x0000000081e00000, 0x0000000100000000)
  region size 1024K, 13 young (13312K), 0 survivors (0K)
 Metaspace       used 4548K, committed 4736K, reserved 1056768K
  class space    used 555K, committed 640K, reserved 1048576K
}
Event: 7.022 GC heap after
{Heap after GC invocations=1 (full 0):
 garbage-first heap   total 131072K, used 6713K [0x0000000081e00000, 0x0000000100000000)
  region size 1024K, 2 young (2048K), 2 survivors (2048K)
 Metaspace       used 4548K, committed 4736K, reserved 1056768K
  class space    used 555K, committed 640K, reserved 1048576K
}
Event: 7.876 GC heap before
{Heap before GC invocations=1 (full 0):
 garbage-first heap   total 131072K, used 13881K [0x0000000081e00000, 0x0000000100000000)
  region size 1024K, 9 young (9216K), 2 survivors (2048K)
 Metaspace       used 6226K, committed 6400K, reserved 1056768K
  class space    used 760K, committed 832K, reserved 1048576K
}
Event: 7.880 GC heap after
{Heap after GC invocations=2 (full 0):
 garbage-first heap   total 131072K, used 7903K [0x0000000081e00000, 0x0000000100000000)
  region size 1024K, 2 young (2048K), 2 survivors (2048K)
 Metaspace       used 6226K, committed 6400K, reserved 1056768K
  class space    used 760K, committed 832K, reserved 1048576K
}
Event: 8.097 GC heap before
{Heap before GC invocations=2 (full 0):
 garbage-first heap   total 131072K, used 30431K [0x0000000081e00000, 0x0000000100000000)
  region size 1024K, 25 young (25600K), 2 survivors (2048K)
 Metaspace       used 6935K, committed 7040K, reserved 1056768K
  class space    used 853K, committed 896K, reserved 1048576K
}
Event: 8.100 GC heap after
{Heap after GC invocations=3 (full 0):
 garbage-first heap   total 131072K, used 8250K [0x0000000081e00000, 0x0000000100000000)
  region size 1024K, 2 young (2048K), 2 survivors (2048K)
 Metaspace       used 6935K, committed 7040K, reserved 1056768K
  class space    used 853K, committed 896K, reserved 1048576K
}

Deoptimization events (2 events):
Event: 7.863 Thread 0x0000022bb2edcf50 DEOPT PACKING pc=0x0000022bbc0b33f5 sp=0x000000fd542fd6f0
Event: 7.863 Thread 0x0000022bb2edcf50 DEOPT UNPACKING pc=0x0000022bbbf32b43 sp=0x000000fd542fcb48 mode 3

Classes unloaded (0 events):
No events

Classes redefined (0 events):
No events

Internal exceptions (18 events):
Event: 5.377 Thread 0x0000022bc73f8000 Exception <a 'java/lang/NoSuchMethodError'{0x0000000089504008}: 'java.lang.Object java.lang.invoke.DirectMethodHandle$Holder.invokeStaticInit(java.lang.Object)'> (0x0000000089504008) 
thrown [t:\workspace\open\src\hotspot\share\interpreter\linkResolver.cpp, line 766]
Event: 5.543 Thread 0x0000022bc73f8000 Exception <a 'java/lang/NoSuchMethodError'{0x0000000089511600}: 'void java.lang.invoke.DirectMethodHandle$Holder.invokeStatic(java.lang.Object, java.lang.Object)'> (0x0000000089511600) 
thrown [t:\workspace\open\src\hotspot\share\interpreter\linkResolver.cpp, line 766]
Event: 5.792 Thread 0x0000022bb2edcf50 Exception <a 'java/lang/NoSuchMethodError'{0x0000000089545e60}: 'int java.lang.invoke.DirectMethodHandle$Holder.invokeInterface(java.lang.Object, java.lang.Object)'> (0x0000000089545e60) 
thrown [t:\workspace\open\src\hotspot\share\interpreter\linkResolver.cpp, line 766]
Event: 5.792 Thread 0x0000022bb2edcf50 Exception <a 'java/lang/IncompatibleClassChangeError'{0x0000000089549460}: Found class java.lang.Object, but interface was expected> (0x0000000089549460) 
thrown [t:\workspace\open\src\hotspot\share\interpreter\linkResolver.cpp, line 833]
Event: 5.956 Thread 0x0000022bb2edcf50 Exception <a 'java/lang/NoSuchMethodError'{0x0000000089414960}: 'int java.lang.invoke.DirectMethodHandle$Holder.invokeSpecial(java.lang.Object, java.lang.Object, java.lang.Object)'> (0x0000000089414960) 
thrown [t:\workspace\open\src\hotspot\share\interpreter\linkResolver.cpp, line 766]
Event: 6.290 Thread 0x0000022bb2edcf50 Exception <a 'java/lang/NoSuchMethodError'{0x000000008930e978}: 'void java.lang.invoke.DirectMethodHandle$Holder.invokeStatic(java.lang.Object, java.lang.Object, java.lang.Object)'> (0x000000008930e978) 
thrown [t:\workspace\open\src\hotspot\share\interpreter\linkResolver.cpp, line 766]
Event: 6.304 Thread 0x0000022bb2edcf50 Exception <a 'java/lang/NoSuchMethodError'{0x000000008934b548}: 'int java.lang.invoke.DirectMethodHandle$Holder.invokeSpecialIFC(java.lang.Object, java.lang.Object, java.lang.Object)'> (0x000000008934b548) 
thrown [t:\workspace\open\src\hotspot\share\interpreter\linkResolver.cpp, line 766]
Event: 6.402 Thread 0x0000022bb2edcf50 Exception <a 'java/lang/NoSuchMethodError'{0x00000000893c0fc8}: 'java.lang.Object java.lang.invoke.DirectMethodHandle$Holder.invokeStaticInit(java.lang.Object, int, int, int, int)'> (0x00000000893c0fc8) 
thrown [t:\workspace\open\src\hotspot\share\interpreter\linkResolver.cpp, line 766]
Event: 6.477 Thread 0x0000022bb2edcf50 Exception <a 'java/lang/NoSuchMethodError'{0x00000000892a17f0}: 'java.lang.Object java.lang.invoke.DirectMethodHandle$Holder.invokeStaticInit(java.lang.Object, java.lang.Object, int, int, int, int)'> (0x00000000892a17f0) 
thrown [t:\workspace\open\src\hotspot\share\interpreter\linkResolver.cpp, line 766]
Event: 6.610 Thread 0x0000022bb2edcf50 Exception <a 'java/lang/ClassNotFoundException'{0x00000000892bf950}: javax/management/remote/rmi/RMIServerImpl_Skel> (0x00000000892bf950) 
thrown [t:\workspace\open\src\hotspot\share\classfile\systemDictionary.cpp, line 256]
Event: 7.306 Thread 0x0000022bb2edcf50 Exception <a 'java/lang/ClassNotFoundException'{0x0000000089c31ea8}: javax/smartcardio/CardPermission> (0x0000000089c31ea8) 
thrown [t:\workspace\open\src\hotspot\share\classfile\systemDictionary.cpp, line 256]
Event: 7.360 Thread 0x0000022bb2edcf50 Exception <a 'java/io/FileNotFoundException'{0x0000000089c78f98}> (0x0000000089c78f98) 
thrown [t:\workspace\open\src\hotspot\share\prims\jni.cpp, line 516]
Event: 7.734 Thread 0x0000022bb2edcf50 Exception <a 'java/lang/NoSuchMethodError'{0x000000008984aa20}: 'java.lang.Object java.lang.invoke.DirectMethodHandle$Holder.invokeSpecialIFC(java.lang.Object, java.lang.Object, java.lang.Object, java.lang.Object)'> (0x000000008984aa20) 
thrown [t:\workspace\open\src\hotspot\share\interpreter\linkResolver.cpp, line 766]
Event: 7.812 Thread 0x0000022bb2edcf50 Exception <a 'java/lang/NoSuchMethodError'{0x00000000898f05b8}: 'int java.lang.invoke.DirectMethodHandle$Holder.invokeStaticInit(java.lang.Object, java.lang.Object)'> (0x00000000898f05b8) 
thrown [t:\workspace\open\src\hotspot\share\interpreter\linkResolver.cpp, line 766]
Event: 7.917 Thread 0x0000022bb2edcf50 Exception <a 'java/lang/NoSuchMethodError'{0x0000000089c1f868}: 'int java.lang.invoke.DirectMethodHandle$Holder.invokeStaticInit(java.lang.Object, java.lang.Object, java.lang.Object)'> (0x0000000089c1f868) 
thrown [t:\workspace\open\src\hotspot\share\interpreter\linkResolver.cpp, line 766]
Event: 7.924 Thread 0x0000022bb2edcf50 Exception <a 'java/lang/NoSuchMethodError'{0x0000000089c767f0}: 'java.lang.Object java.lang.invoke.DirectMethodHandle$Holder.newInvokeSpecial(java.lang.Object, java.lang.Object, java.lang.Object, java.lang.Object, java.lang.Object)'> (0x0000000089c767f0) 
thrown [t:\workspace\open\src\hotspot\share\interpreter\linkResolver.cpp, line 766]
Event: 7.929 Thread 0x0000022bb2edcf50 Exception <a 'java/lang/NoSuchMethodError'{0x0000000089cc5418}: 'java.lang.Object java.lang.invoke.DirectMethodHandle$Holder.invokeStaticInit(java.lang.Object, java.lang.Object, java.lang.Object)'> (0x0000000089cc5418) 
thrown [t:\workspace\open\src\hotspot\share\interpreter\linkResolver.cpp, line 766]
Event: 8.224 Thread 0x0000022bc79a5570 Exception <a 'java/lang/NoSuchMethodError'{0x00000000888f39a0}: 'org.slf4j.impl.StaticMDCBinder org.slf4j.impl.StaticMDCBinder.getSingleton()'> (0x00000000888f39a0) 
thrown [t:\workspace\open\src\hotspot\share\interpreter\linkResolver.cpp, line 766]

VM Operations (20 events):
Event: 1.743 Executing VM operation: Cleanup
Event: 1.743 Executing VM operation: Cleanup done
Event: 2.756 Executing VM operation: Cleanup
Event: 2.756 Executing VM operation: Cleanup done
Event: 4.772 Executing VM operation: Cleanup
Event: 4.772 Executing VM operation: Cleanup done
Event: 5.376 Executing VM operation: HandshakeAllThreads
Event: 5.376 Executing VM operation: HandshakeAllThreads done
Event: 6.377 Executing VM operation: Cleanup
Event: 6.378 Executing VM operation: Cleanup done
Event: 6.386 Executing VM operation: HandshakeAllThreads
Event: 6.386 Executing VM operation: HandshakeAllThreads done
Event: 7.016 Executing VM operation: G1CollectForAllocation
Event: 7.022 Executing VM operation: G1CollectForAllocation done
Event: 7.654 Executing VM operation: HandshakeAllThreads
Event: 7.654 Executing VM operation: HandshakeAllThreads done
Event: 7.876 Executing VM operation: G1CollectForAllocation
Event: 7.880 Executing VM operation: G1CollectForAllocation done
Event: 8.097 Executing VM operation: G1CollectForAllocation
Event: 8.100 Executing VM operation: G1CollectForAllocation done

Events (20 events):
Event: 8.040 loading class java/net/URLClassLoader done
Event: 8.040 loading class java/util/concurrent/LinkedBlockingDeque
Event: 8.041 loading class java/util/concurrent/LinkedBlockingDeque done
Event: 8.044 loading class java/lang/StackTraceElement$HashedModules
Event: 8.044 loading class java/lang/StackTraceElement$HashedModules done
Event: 8.045 loading class java/util/stream/ReduceOps$2
Event: 8.046 loading class java/util/stream/ReduceOps$2 done
Event: 8.046 loading class java/util/stream/ReduceOps$2ReducingSink
Event: 8.046 loading class java/util/stream/ReduceOps$2ReducingSink done
Event: 8.048 loading class java/util/stream/Nodes$FixedNodeBuilder
Event: 8.049 loading class java/util/stream/Nodes$ArrayNode
Event: 8.049 loading class java/util/stream/Nodes$ArrayNode done
Event: 8.049 loading class java/util/stream/Nodes$FixedNodeBuilder done
Event: 8.115 loading class java/util/regex/Pattern$BnM
Event: 8.115 loading class java/util/regex/Pattern$BnM done
Event: 8.115 loading class java/util/regex/Pattern$SliceS
Event: 8.115 loading class java/util/regex/Pattern$SliceS done
Event: 8.117 loading class java/util/concurrent/LinkedBlockingDeque$Node
Event: 8.117 loading class java/util/concurrent/LinkedBlockingDeque$Node done
Event: 8.210 Thread 0x0000022bc79a5570 Thread added: 0x0000022bc79a5570


Dynamic libraries:
0x00007ff6b7d00000 - 0x00007ff6b7d0e000 	C:\Program Files\java\openjdk-17+35_windows-x64_bin\jdk-17\bin\java.exe
0x00007ffdf4670000 - 0x00007ffdf4868000 	C:\WINDOWS\SYSTEM32\ntdll.dll
0x00007ffdf2c80000 - 0x00007ffdf2d3f000 	C:\WINDOWS\System32\KERNEL32.DLL
0x00007ffdf1e00000 - 0x00007ffdf20d2000 	C:\WINDOWS\System32\KERNELBASE.dll
0x00007ffdf20e0000 - 0x00007ffdf21e0000 	C:\WINDOWS\System32\ucrtbase.dll
0x00007ffdd6790000 - 0x00007ffdd67aa000 	C:\Program Files\java\openjdk-17+35_windows-x64_bin\jdk-17\bin\VCRUNTIME140.dll
0x00007ffdd4280000 - 0x00007ffdd4298000 	C:\Program Files\java\openjdk-17+35_windows-x64_bin\jdk-17\bin\jli.dll
0x00007ffdf2a30000 - 0x00007ffdf2bd1000 	C:\WINDOWS\System32\USER32.dll
0x00007ffddb450000 - 0x00007ffddb6ea000 	C:\WINDOWS\WinSxS\amd64_microsoft.windows.common-controls_6595b64144ccf1df_6.0.19041.1110_none_60b5254171f9507e\COMCTL32.dll
0x00007ffdf2680000 - 0x00007ffdf26a2000 	C:\WINDOWS\System32\win32u.dll
0x00007ffdf4590000 - 0x00007ffdf462e000 	C:\WINDOWS\System32\msvcrt.dll
0x00007ffdf2c50000 - 0x00007ffdf2c7b000 	C:\WINDOWS\System32\GDI32.dll
0x00007ffdf2420000 - 0x00007ffdf252f000 	C:\WINDOWS\System32\gdi32full.dll
0x00007ffdf1d60000 - 0x00007ffdf1dfd000 	C:\WINDOWS\System32\msvcp_win.dll
0x00007ffdf3bd0000 - 0x00007ffdf3c02000 	C:\WINDOWS\System32\IMM32.DLL
0x00007ffddf410000 - 0x00007ffddf41c000 	C:\Program Files\java\openjdk-17+35_windows-x64_bin\jdk-17\bin\vcruntime140_1.dll
0x00007ffdcff30000 - 0x00007ffdcffbd000 	C:\Program Files\java\openjdk-17+35_windows-x64_bin\jdk-17\bin\msvcp140.dll
0x00007ffdabe00000 - 0x00007ffdac9be000 	C:\Program Files\java\openjdk-17+35_windows-x64_bin\jdk-17\bin\server\jvm.dll
0x00007ffdf4210000 - 0x00007ffdf42be000 	C:\WINDOWS\System32\ADVAPI32.dll
0x00007ffdf2990000 - 0x00007ffdf2a2c000 	C:\WINDOWS\System32\sechost.dll
0x00007ffdf26b0000 - 0x00007ffdf27d5000 	C:\WINDOWS\System32\RPCRT4.dll
0x00007ffdf4340000 - 0x00007ffdf4348000 	C:\WINDOWS\System32\PSAPI.DLL
0x00007ffded150000 - 0x00007ffded159000 	C:\WINDOWS\SYSTEM32\WSOCK32.dll
0x00007ffddab00000 - 0x00007ffddab27000 	C:\WINDOWS\SYSTEM32\WINMM.dll
0x00007ffdf2ed0000 - 0x00007ffdf2f3b000 	C:\WINDOWS\System32\WS2_32.dll
0x00007ffdecae0000 - 0x00007ffdecaea000 	C:\WINDOWS\SYSTEM32\VERSION.dll
0x00007ffdefdc0000 - 0x00007ffdefdd2000 	C:\WINDOWS\SYSTEM32\kernel.appcore.dll
0x00007ffddf3a0000 - 0x00007ffddf3aa000 	C:\Program Files\java\openjdk-17+35_windows-x64_bin\jdk-17\bin\jimage.dll
0x00007ffdee960000 - 0x00007ffdeeb44000 	C:\WINDOWS\SYSTEM32\DBGHELP.DLL
0x00007ffddd8a0000 - 0x00007ffddd8d5000 	C:\WINDOWS\SYSTEM32\dbgcore.DLL
0x00007ffdf2340000 - 0x00007ffdf23c2000 	C:\WINDOWS\System32\bcryptPrimitives.dll
0x00007ffde8900000 - 0x00007ffde890e000 	C:\Program Files\java\openjdk-17+35_windows-x64_bin\jdk-17\bin\instrument.dll
0x00007ffdd4250000 - 0x00007ffdd4275000 	C:\Program Files\java\openjdk-17+35_windows-x64_bin\jdk-17\bin\java.dll
0x00007ffdc9f50000 - 0x00007ffdca026000 	C:\Program Files\java\openjdk-17+35_windows-x64_bin\jdk-17\bin\svml.dll
0x00007ffdf3360000 - 0x00007ffdf3aa5000 	C:\WINDOWS\System32\SHELL32.dll
0x00007ffdefde0000 - 0x00007ffdf0572000 	C:\WINDOWS\SYSTEM32\windows.storage.dll
0x00007ffdf2fa0000 - 0x00007ffdf32f5000 	C:\WINDOWS\System32\combase.dll
0x00007ffdf1600000 - 0x00007ffdf1630000 	C:\WINDOWS\SYSTEM32\Wldp.dll
0x00007ffdf4130000 - 0x00007ffdf41dd000 	C:\WINDOWS\System32\SHCORE.dll
0x00007ffdf2d40000 - 0x00007ffdf2d95000 	C:\WINDOWS\System32\shlwapi.dll
0x00007ffdf1ca0000 - 0x00007ffdf1cbf000 	C:\WINDOWS\SYSTEM32\profapi.dll
0x00007ffdd3190000 - 0x00007ffdd31a8000 	C:\Program Files\java\openjdk-17+35_windows-x64_bin\jdk-17\bin\zip.dll
0x00007ffdd3520000 - 0x00007ffdd3539000 	C:\Program Files\java\openjdk-17+35_windows-x64_bin\jdk-17\bin\net.dll
0x00007ffde9610000 - 0x00007ffde971c000 	C:\WINDOWS\SYSTEM32\WINHTTP.dll
0x00007ffdf13e0000 - 0x00007ffdf144a000 	C:\WINDOWS\system32\mswsock.dll
0x00007ffdd31b0000 - 0x00007ffdd31c5000 	C:\Program Files\java\openjdk-17+35_windows-x64_bin\jdk-17\bin\nio.dll
0x00007ffde1e30000 - 0x00007ffde1e4a000 	C:\Program Files\JetBrains\IntelliJ IDEA 2022.3.1\bin\breakgen64.dll
0x00007ffdf1130000 - 0x00007ffdf11fb000 	C:\WINDOWS\SYSTEM32\DNSAPI.dll
0x00007ffdf10f0000 - 0x00007ffdf112b000 	C:\WINDOWS\SYSTEM32\IPHLPAPI.DLL
0x00007ffdf2c40000 - 0x00007ffdf2c48000 	C:\WINDOWS\System32\NSI.dll
0x00007ffde8260000 - 0x00007ffde826a000 	C:\Windows\System32\rasadhlp.dll
0x00007ffde9320000 - 0x00007ffde93a0000 	C:\WINDOWS\System32\fwpuclnt.dll
0x00007ffdf2530000 - 0x00007ffdf2557000 	C:\WINDOWS\System32\bcrypt.dll
0x00007ffde88e0000 - 0x00007ffde88e9000 	C:\Program Files\java\openjdk-17+35_windows-x64_bin\jdk-17\bin\management.dll
0x00007ffde88d0000 - 0x00007ffde88db000 	C:\Program Files\java\openjdk-17+35_windows-x64_bin\jdk-17\bin\management_ext.dll
0x00007ffdf17a0000 - 0x00007ffdf17b8000 	C:\WINDOWS\SYSTEM32\CRYPTSP.dll
0x00007ffdf0d20000 - 0x00007ffdf0d54000 	C:\WINDOWS\system32\rsaenh.dll
0x00007ffdf1c60000 - 0x00007ffdf1c8e000 	C:\WINDOWS\SYSTEM32\USERENV.dll
0x00007ffdf1570000 - 0x00007ffdf157c000 	C:\WINDOWS\SYSTEM32\CRYPTBASE.dll
0x00007ffdea150000 - 0x00007ffdea167000 	C:\WINDOWS\SYSTEM32\dhcpcsvc6.DLL
0x00007ffdea5c0000 - 0x00007ffdea5dd000 	C:\WINDOWS\SYSTEM32\dhcpcsvc.DLL
0x00007ffdd9280000 - 0x00007ffdd9297000 	C:\WINDOWS\system32\napinsp.dll
0x00007ffdd9260000 - 0x00007ffdd927b000 	C:\WINDOWS\system32\pnrpnsp.dll
0x00007ffdd9240000 - 0x00007ffdd9255000 	C:\WINDOWS\system32\wshbth.dll
0x00007ffdec690000 - 0x00007ffdec6ad000 	C:\WINDOWS\system32\NLAapi.dll
0x00007ffdd9200000 - 0x00007ffdd9212000 	C:\WINDOWS\System32\winrnr.dll
0x00007ffddf370000 - 0x00007ffddf380000 	C:\Program Files\java\openjdk-17+35_windows-x64_bin\jdk-17\bin\verify.dll

dbghelp: loaded successfully - version: 4.0.5 - missing functions: none
symbol engine: initialized successfully - sym options: 0x614 - pdb path: .;C:\Program Files\java\openjdk-17+35_windows-x64_bin\jdk-17\bin;C:\WINDOWS\SYSTEM32;C:\WINDOWS\WinSxS\amd64_microsoft.windows.common-controls_6595b64144ccf1df_6.0.19041.1110_none_60b5254171f9507e;C:\Program Files\java\openjdk-17+35_windows-x64_bin\jdk-17\bin\server;C:\Program Files\JetBrains\IntelliJ IDEA 2022.3.1\bin

VM Arguments:
jvm_args: -XX:TieredStopAtLevel=1 -Dspring.output.ansi.enabled=always -Dcom.sun.management.jmxremote -Dspring.jmx.enabled=true -Dspring.liveBeansView.mbeanDomain -Dspring.application.admin.enabled=true -Dmanagement.endpoints.jmx.exposure.include=* -javaagent:C:\Program Files\JetBrains\IntelliJ IDEA 2022.3.1\lib\idea_rt.jar=62756:C:\Program Files\JetBrains\IntelliJ IDEA 2022.3.1\bin -Dfile.encoding=UTF-8 
java_command: com.example.spokbit.AppStudyApplication
java_class_path (initial): C:\Users\LENOVO I5\Desktop\appStudy\target\classes;C:\Users\LENOVO I5\.m2\repository\org\springframework\boot\spring-boot-starter-web\2.7.8\spring-boot-starter-web-2.7.8.jar;C:\Users\LENOVO I5\.m2\repository\org\springframework\boot\spring-boot-starter\2.7.8\spring-boot-starter-2.7.8.jar;C:\Users\LENOVO I5\.m2\repository\org\springframework\boot\spring-boot-starter-logging\2.7.8\spring-boot-starter-logging-2.7.8.jar;C:\Users\LENOVO I5\.m2\repository\ch\qos\logback\logback-classic\1.2.11\logback-classic-1.2.11.jar;C:\Users\LENOVO I5\.m2\repository\ch\qos\logback\logback-core\1.2.11\logback-core-1.2.11.jar;C:\Users\LENOVO I5\.m2\repository\org\apache\logging\log4j\log4j-to-slf4j\2.17.2\log4j-to-slf4j-2.17.2.jar;C:\Users\LENOVO I5\.m2\repository\org\apache\logging\log4j\log4j-api\2.17.2\log4j-api-2.17.2.jar;C:\Users\LENOVO I5\.m2\repository\org\slf4j\jul-to-slf4j\1.7.36\jul-to-slf4j-1.7.36.jar;C:\Users\LENOVO I5\.m2\repository\jakarta\annotation\jakarta.annotation-api\1.3.5\jakarta.annotation-api-1.3.5.jar;C:\Users\LENOVO I5\.m2\repository\org\yaml\snakeyaml\1.30\snakeyaml-1.30.jar;C:\Users\LENOVO I5\.m2\repository\org\springframework\boot\spring-boot-starter-json\2.7.8\spring-boot-starter-json-2.7.8.jar;C:\Users\LENOVO I5\.m2\repository\com\fasterxml\jackson\core\jackson-databind\2.13.4.2\jackson-databind-2.13.4.2.jar;C:\Users\LENOVO I5\.m2\repository\com\fasterxml\jackson\core\jackson-core\2.13.4\jackson-core-2.13.4.jar;C:\Users\LENOVO I5\.m2\repository\com\fasterxml\jackson\datatype\jackson-datatype-jdk8\2.13.4\jackson-datatype-jdk8-2.13.4.jar;C:\Users\LENOVO I5\.m2\repository\com\fasterxml\jackson\datatype\jackson-datatype-jsr310\2.13.4\jackson-datatype-jsr310-2.13.4.jar;C:\Users\LENOVO I5\.m2\repository\com\fasterxml\jackson\module\jackson-module-parameter-names\2.13.4\jackson-module-parameter-names-2.13.4.jar;C:\Users\LENOVO I5\.m2\repository\org\springframework\boot\spring-boot-starter-tomcat\2.7.8\spring-boot-starter-tomcat-2.7.8.ja
Launcher Type: SUN_STANDARD

[Global flags]
     intx CICompilerCount                          = 3                                         {product} {ergonomic}
     uint ConcGCThreads                            = 1                                         {product} {ergonomic}
     uint G1ConcRefinementThreads                  = 4                                         {product} {ergonomic}
   size_t G1HeapRegionSize                         = 1048576                                   {product} {ergonomic}
    uintx GCDrainStackTargetSize                   = 64                                        {product} {ergonomic}
   size_t InitialHeapSize                          = 134217728                                 {product} {ergonomic}
     bool ManagementServer                         = true                                      {product} {command line}
   size_t MarkStackSize                            = 4194304                                   {product} {ergonomic}
   size_t MaxHeapSize                              = 2116026368                                {product} {ergonomic}
   size_t MaxNewSize                               = 1268776960                                {product} {ergonomic}
   size_t MinHeapDeltaBytes                        = 1048576                                   {product} {ergonomic}
   size_t MinHeapSize                              = 8388608                                   {product} {ergonomic}
    uintx NonProfiledCodeHeapSize                  = 0                                      {pd product} {ergonomic}
     bool ProfileInterpreter                       = false                                  {pd product} {command line}
    uintx ProfiledCodeHeapSize                     = 0                                      {pd product} {ergonomic}
   size_t SoftMaxHeapSize                          = 2116026368                             {manageable} {ergonomic}
     intx TieredStopAtLevel                        = 1                                         {product} {command line}
     bool UseCompressedClassPointers               = true                           {product lp64_product} {ergonomic}
     bool UseCompressedOops                        = true                           {product lp64_product} {ergonomic}
     bool UseG1GC                                  = true                                      {product} {ergonomic}
     bool UseLargePagesIndividualAllocation        = false                                  {pd product} {ergonomic}

Logging:
Log output configuration:
 #0: stdout all=warning uptime,level,tags
 #1: stderr all=off uptime,level,tags

Environment Variables:
PATH=C:\WINDOWS\system32;C:\WINDOWS;C:\WINDOWS\System32\Wbem;C:\WINDOWS\System32\WindowsPowerShell\v1.0\;C:\WINDOWS\System32\OpenSSH\;C:\Program Files\java\openjdk-14\jdk-14\bin;C:\Program Files\Git\cmd;C:\Program Files\nodejs\;%MAVEN@_HOME%\bin;C:\Program Files\dotnet\;C:\Program Files\java\jdk-12\bin;C:\Program Files\java\openjdk-17+35_windows-x64_bin\jdk-17\bin;;C:\Program Files\Docker\Docker\resources\bin;C:\ProgramData\DockerDesktop\version-bin;C:\Program Files\MySQL\MySQL Shell 8.0\bin\;C:\Users\LENOVO I5\AppData\Local\Microsoft\WindowsApps;C:\Users\LENOVO I5\AppData\Roaming\npm;C:\Users\LENOVO I5\AppData\Local\atom\bin;C:\Users\LENOVO I5\AppData\Local\Programs\Microsoft VS Code\bin
USERNAME=LENOVO I5
OS=Windows_NT
PROCESSOR_IDENTIFIER=Intel64 Family 6 Model 142 Stepping 9, GenuineIntel



---------------  S Y S T E M  ---------------

OS:
 Windows 10 , 64 bit Build 19041 (10.0.19041.2546)
OS uptime: 2 days 7:42 hours
Hyper-V role detected

CPU: total 4 (initial active 4) (2 cores per cpu, 2 threads per core) family 6 model 142 stepping 9 microcode 0xd6, cx8, cmov, fxsr, ht, mmx, 3dnowpref, sse, sse2, sse3, ssse3, sse4.1, sse4.2, popcnt, lzcnt, tsc, tscinvbit, avx, avx2, aes, erms, clmul, bmi1, bmi2, adx, fma, vzeroupper, clflush, clflushopt, hv

Memory: 4k page, system-wide physical 8066M (1031M free)
TotalPageFile size 10066M (AvailPageFile size 1M)
current process WorkingSet (physical memory assigned to process): 82M, peak: 82M
current process commit charge ("private bytes"): 214M, peak: 214M

vm_info: OpenJDK 64-Bit Server VM (17+35-2724) for windows-amd64 JRE (17+35-2724), built on Aug  5 2021 23:26:02 by "mach5one" with MS VC++ 16.8 (VS2019)

END.
